TN:
SF:src/app.ts
FN:27,(anonymous_1)
FNF:1
FNH:0
FNDA:0,(anonymous_1)
DA:5,3
DA:6,3
DA:7,3
DA:8,3
DA:9,3
DA:10,3
DA:11,3
DA:13,3
DA:16,3
DA:17,3
DA:19,3
DA:22,3
DA:25,3
DA:27,3
DA:28,0
DA:31,3
DA:34,3
DA:36,3
LF:18
LH:17
BRF:0
BRH:0
end_of_record
TN:
SF:src/swagger.ts
FN:236,(anonymous_1)
FN:243,(anonymous_2)
FNF:2
FNH:1
FNDA:3,(anonymous_1)
FNDA:0,(anonymous_2)
DA:1,3
DA:2,3
DA:5,3
DA:234,3
DA:236,3
DA:237,3
DA:243,3
DA:244,0
DA:245,0
DA:248,3
LF:10
LH:8
BRF:0
BRH:0
end_of_record
TN:
SF:src/__tests__/helpers.ts
FN:12,(anonymous_8)
FN:18,(anonymous_9)
FN:40,(anonymous_10)
FN:40,(anonymous_11)
FN:53,(anonymous_12)
FN:53,(anonymous_13)
FN:66,(anonymous_14)
FN:66,(anonymous_15)
FN:86,(anonymous_16)
FN:96,(anonymous_17)
FNF:10
FNH:8
FNDA:55,(anonymous_8)
FNDA:55,(anonymous_9)
FNDA:18,(anonymous_10)
FNDA:18,(anonymous_11)
FNDA:0,(anonymous_12)
FNDA:0,(anonymous_13)
FNDA:55,(anonymous_14)
FNDA:55,(anonymous_15)
FNDA:49,(anonymous_16)
FNDA:49,(anonymous_17)
DA:5,3
DA:6,3
DA:7,3
DA:12,3
DA:18,55
DA:20,55
DA:31,55
DA:40,18
DA:41,18
DA:53,3
DA:54,0
DA:66,55
DA:67,55
DA:80,55
DA:86,3
DA:87,49
DA:88,49
DA:96,3
DA:97,49
DA:98,49
LF:20
LH:19
BRDA:24,0,0,55
BRDA:24,0,1,37
BRDA:25,1,0,55
BRDA:25,1,1,37
BRF:4
BRH:4
end_of_record
TN:
SF:src/app/DB/index.ts
FN:15,(anonymous_8)
FN:15,(anonymous_9)
FNF:2
FNH:0
FNDA:0,(anonymous_8)
FNDA:0,(anonymous_9)
DA:1,0
DA:2,0
DA:3,0
DA:5,0
DA:15,0
DA:16,0
DA:18,0
DA:20,0
DA:21,0
DA:22,0
DA:24,0
DA:27,0
DA:31,0
LF:13
LH:0
BRDA:20,0,0,0
BRDA:20,0,1,0
BRF:2
BRH:0
end_of_record
TN:
SF:src/app/builder/QueryBuilder.ts
FN:7,(anonymous_7)
FN:12,(anonymous_8)
FN:17,(anonymous_9)
FN:28,(anonymous_10)
FN:33,(anonymous_11)
FN:40,(anonymous_12)
FN:48,(anonymous_13)
FN:58,(anonymous_14)
FN:65,(anonymous_15)
FNF:9
FNH:0
FNDA:0,(anonymous_7)
FNDA:0,(anonymous_8)
FNDA:0,(anonymous_9)
FNDA:0,(anonymous_10)
FNDA:0,(anonymous_11)
FNDA:0,(anonymous_12)
FNDA:0,(anonymous_13)
FNDA:0,(anonymous_14)
FNDA:0,(anonymous_15)
DA:8,0
DA:9,0
DA:13,0
DA:14,0
DA:15,0
DA:18,0
DA:25,0
DA:29,0
DA:31,0
DA:33,0
DA:35,0
DA:37,0
DA:42,0
DA:43,0
DA:45,0
DA:49,0
DA:50,0
DA:51,0
DA:53,0
DA:55,0
DA:60,0
DA:62,0
DA:63,0
DA:66,0
DA:67,0
DA:68,0
DA:69,0
DA:70,0
DA:72,0
DA:81,0
LF:30
LH:0
BRDA:13,0,0,0
BRDA:13,0,1,0
BRDA:13,1,0,0
BRDA:13,1,1,0
BRDA:13,2,0,0
BRDA:13,2,1,0
BRDA:13,3,0,0
BRDA:13,3,1,0
BRDA:14,4,0,0
BRDA:14,4,1,0
BRDA:42,5,0,0
BRDA:42,5,1,0
BRDA:42,6,0,0
BRDA:42,6,1,0
BRDA:42,7,0,0
BRDA:42,7,1,0
BRDA:42,8,0,0
BRDA:42,8,1,0
BRDA:42,9,0,0
BRDA:42,9,1,0
BRDA:42,10,0,0
BRDA:42,10,1,0
BRDA:42,11,0,0
BRDA:42,11,1,0
BRDA:42,12,0,0
BRDA:42,12,1,0
BRDA:42,13,0,0
BRDA:42,13,1,0
BRDA:49,14,0,0
BRDA:49,14,1,0
BRDA:49,15,0,0
BRDA:49,15,1,0
BRDA:49,16,0,0
BRDA:49,16,1,0
BRDA:49,17,0,0
BRDA:49,17,1,0
BRDA:49,18,0,0
BRDA:49,18,1,0
BRDA:50,19,0,0
BRDA:50,19,1,0
BRDA:50,20,0,0
BRDA:50,20,1,0
BRDA:50,21,0,0
BRDA:50,21,1,0
BRDA:50,22,0,0
BRDA:50,22,1,0
BRDA:50,23,0,0
BRDA:50,23,1,0
BRDA:60,24,0,0
BRDA:60,24,1,0
BRDA:60,25,0,0
BRDA:60,25,1,0
BRDA:60,26,0,0
BRDA:60,26,1,0
BRDA:60,27,0,0
BRDA:60,27,1,0
BRDA:60,28,0,0
BRDA:60,28,1,0
BRDA:60,29,0,0
BRDA:60,29,1,0
BRDA:60,30,0,0
BRDA:60,30,1,0
BRDA:60,31,0,0
BRDA:60,31,1,0
BRDA:60,32,0,0
BRDA:60,32,1,0
BRDA:68,33,0,0
BRDA:68,33,1,0
BRDA:68,34,0,0
BRDA:68,34,1,0
BRDA:68,35,0,0
BRDA:68,35,1,0
BRDA:68,36,0,0
BRDA:68,36,1,0
BRDA:68,37,0,0
BRDA:68,37,1,0
BRDA:69,38,0,0
BRDA:69,38,1,0
BRDA:69,39,0,0
BRDA:69,39,1,0
BRDA:69,40,0,0
BRDA:69,40,1,0
BRDA:69,41,0,0
BRDA:69,41,1,0
BRDA:69,42,0,0
BRDA:69,42,1,0
BRF:86
BRH:0
end_of_record
TN:
SF:src/app/config/index.ts
FNF:0
FNH:0
DA:1,3
DA:2,3
DA:4,3
DA:6,3
DA:8,3
LF:5
LH:5
BRF:0
BRH:0
end_of_record
TN:
SF:src/app/errors/AppError.ts
FN:4,(anonymous_0)
FNF:1
FNH:1
FNDA:15,(anonymous_0)
DA:5,15
DA:6,15
DA:8,15
DA:9,0
DA:11,15
DA:16,3
LF:6
LH:5
BRDA:4,0,0,15
BRDA:8,1,0,0
BRDA:8,1,1,15
BRF:3
BRH:2
end_of_record
TN:
SF:src/app/errors/handleCastError.ts
FN:4,(anonymous_0)
FNF:1
FNH:1
FNDA:1,(anonymous_0)
DA:4,3
DA:7,1
DA:14,1
DA:16,1
DA:23,3
LF:5
LH:5
BRF:0
BRH:0
end_of_record
TN:
SF:src/app/errors/handleDuplicateError.ts
FN:4,(anonymous_0)
FNF:1
FNH:0
FNDA:0,(anonymous_0)
DA:4,3
DA:6,0
DA:9,0
DA:11,0
DA:18,0
DA:20,0
DA:27,3
LF:7
LH:2
BRDA:9,0,0,0
BRDA:9,0,1,0
BRF:2
BRH:0
end_of_record
TN:
SF:src/app/errors/handleValidationError.ts
FN:4,(anonymous_0)
FN:8,(anonymous_1)
FNF:2
FNH:0
FNDA:0,(anonymous_0)
FNDA:0,(anonymous_1)
DA:4,3
DA:7,0
DA:9,0
DA:16,0
DA:18,0
DA:25,3
LF:6
LH:2
BRDA:10,0,0,0
BRDA:10,0,1,0
BRDA:10,1,0,0
BRDA:10,1,1,0
BRDA:11,2,0,0
BRDA:11,2,1,0
BRDA:11,3,0,0
BRDA:11,3,1,0
BRF:8
BRH:0
end_of_record
TN:
SF:src/app/errors/handleZodError.ts
FN:4,(anonymous_0)
FN:5,(anonymous_1)
FNF:2
FNH:2
FNDA:9,(anonymous_0)
FNDA:14,(anonymous_1)
DA:4,3
DA:5,9
DA:6,14
DA:12,9
DA:14,9
DA:21,3
LF:6
LH:6
BRDA:7,0,0,0
BRDA:7,0,1,14
BRDA:7,1,0,14
BRDA:7,1,1,14
BRF:4
BRH:3
end_of_record
TN:
SF:src/app/middlewares/auth.ts
FN:10,(anonymous_8)
FN:11,(anonymous_9)
FN:11,(anonymous_10)
FNF:3
FNH:3
FNDA:69,(anonymous_8)
FNDA:26,(anonymous_9)
FNDA:26,(anonymous_10)
DA:2,3
DA:3,3
DA:4,3
DA:5,3
DA:7,3
DA:8,3
DA:10,3
DA:11,69
DA:12,26
DA:15,26
DA:16,2
DA:20,24
DA:25,24
DA:30,24
DA:33,24
DA:35,24
DA:36,0
DA:40,24
DA:42,24
DA:43,0
DA:47,24
DA:49,24
DA:50,0
DA:53,24
DA:60,0
DA:63,24
DA:64,3
DA:70,21
DA:71,21
DA:75,3
LF:30
LH:26
BRDA:15,0,0,2
BRDA:15,0,1,24
BRDA:20,1,0,24
BRDA:20,1,1,0
BRDA:35,2,0,0
BRDA:35,2,1,24
BRDA:40,3,0,0
BRDA:40,3,1,24
BRDA:40,4,0,24
BRDA:40,4,1,24
BRDA:42,5,0,0
BRDA:42,5,1,24
BRDA:47,6,0,0
BRDA:47,6,1,24
BRDA:47,7,0,24
BRDA:47,7,1,24
BRDA:49,8,0,0
BRDA:49,8,1,24
BRDA:53,9,0,0
BRDA:53,9,1,24
BRDA:54,10,0,24
BRDA:54,10,1,0
BRDA:63,11,0,3
BRDA:63,11,1,21
BRDA:63,12,0,24
BRDA:63,12,1,24
BRF:26
BRH:18
end_of_record
TN:
SF:src/app/middlewares/globalErrorhandler.ts
FN:13,(anonymous_1)
FNF:1
FNH:1
FNDA:25,(anonymous_1)
DA:4,3
DA:5,3
DA:6,3
DA:7,3
DA:8,3
DA:9,3
DA:10,3
DA:13,3
DA:14,25
DA:16,25
DA:17,25
DA:18,25
DA:25,25
DA:26,9
DA:27,9
DA:28,9
DA:29,9
DA:30,16
DA:31,0
DA:32,0
DA:33,0
DA:34,0
DA:35,16
DA:36,1
DA:37,1
DA:38,1
DA:39,1
DA:40,15
DA:41,0
DA:42,0
DA:43,0
DA:44,0
DA:45,15
DA:46,15
DA:47,15
DA:48,15
DA:54,0
DA:55,0
DA:56,0
DA:65,25
DA:74,3
LF:41
LH:30
BRDA:25,0,0,9
BRDA:25,0,1,16
BRDA:27,1,0,0
BRDA:27,1,1,9
BRDA:27,2,0,9
BRDA:27,2,1,9
BRDA:28,3,0,0
BRDA:28,3,1,9
BRDA:28,4,0,9
BRDA:28,4,1,9
BRDA:29,5,0,0
BRDA:29,5,1,9
BRDA:29,6,0,9
BRDA:29,6,1,9
BRDA:30,7,0,0
BRDA:30,7,1,16
BRDA:30,8,0,0
BRDA:30,8,1,16
BRDA:30,9,0,16
BRDA:30,9,1,16
BRDA:32,10,0,0
BRDA:32,10,1,0
BRDA:32,11,0,0
BRDA:32,11,1,0
BRDA:33,12,0,0
BRDA:33,12,1,0
BRDA:33,13,0,0
BRDA:33,13,1,0
BRDA:34,14,0,0
BRDA:34,14,1,0
BRDA:34,15,0,0
BRDA:34,15,1,0
BRDA:35,16,0,1
BRDA:35,16,1,15
BRDA:35,17,0,0
BRDA:35,17,1,16
BRDA:35,18,0,16
BRDA:35,18,1,16
BRDA:37,19,0,0
BRDA:37,19,1,1
BRDA:37,20,0,1
BRDA:37,20,1,1
BRDA:38,21,0,0
BRDA:38,21,1,1
BRDA:38,22,0,1
BRDA:38,22,1,1
BRDA:39,23,0,0
BRDA:39,23,1,1
BRDA:39,24,0,1
BRDA:39,24,1,1
BRDA:40,25,0,0
BRDA:40,25,1,15
BRDA:40,26,0,0
BRDA:40,26,1,15
BRDA:40,27,0,15
BRDA:40,27,1,15
BRDA:42,28,0,0
BRDA:42,28,1,0
BRDA:42,29,0,0
BRDA:42,29,1,0
BRDA:43,30,0,0
BRDA:43,30,1,0
BRDA:43,31,0,0
BRDA:43,31,1,0
BRDA:44,32,0,0
BRDA:44,32,1,0
BRDA:44,33,0,0
BRDA:44,33,1,0
BRDA:45,34,0,15
BRDA:45,34,1,0
BRDA:46,35,0,0
BRDA:46,35,1,15
BRDA:46,36,0,15
BRDA:46,36,1,15
BRDA:51,37,0,0
BRDA:51,37,1,15
BRDA:51,38,0,15
BRDA:51,38,1,15
BRDA:54,39,0,0
BRDA:54,39,1,0
BRDA:59,40,0,0
BRDA:59,40,1,0
BRDA:59,41,0,0
BRDA:59,41,1,0
BRDA:70,42,0,0
BRDA:70,42,1,25
BRDA:70,43,0,0
BRDA:70,43,1,0
BRDA:70,44,0,0
BRDA:70,44,1,0
BRF:90
BRH:41
end_of_record
TN:
SF:src/app/middlewares/notFound.ts
FN:7,(anonymous_1)
FNF:1
FNH:0
FNDA:0,(anonymous_1)
DA:5,3
DA:7,3
DA:8,0
DA:15,3
LF:4
LH:3
BRF:0
BRH:0
end_of_record
TN:
SF:src/app/middlewares/validateRequest.ts
FN:5,(anonymous_8)
FN:6,(anonymous_9)
FN:6,(anonymous_10)
FNF:3
FNH:3
FNDA:48,(anonymous_8)
FNDA:34,(anonymous_9)
FNDA:34,(anonymous_10)
DA:3,3
DA:5,3
DA:6,48
DA:7,34
DA:12,25
DA:16,3
LF:6
LH:6
BRF:0
BRH:0
end_of_record
TN:
SF:src/app/modules/Auth/auth.controller.ts
FN:8,(anonymous_9)
FN:8,(anonymous_10)
FN:30,(anonymous_11)
FN:30,(anonymous_12)
FN:52,(anonymous_13)
FN:52,(anonymous_14)
FN:64,(anonymous_15)
FN:64,(anonymous_16)
FN:76,(anonymous_17)
FN:76,(anonymous_18)
FN:87,(anonymous_19)
FN:87,(anonymous_20)
FNF:12
FNH:8
FNDA:2,(anonymous_9)
FNDA:2,(anonymous_10)
FNDA:6,(anonymous_11)
FNDA:6,(anonymous_12)
FNDA:2,(anonymous_13)
FNDA:2,(anonymous_14)
FNDA:0,(anonymous_15)
FNDA:0,(anonymous_16)
FNDA:2,(anonymous_17)
FNDA:2,(anonymous_18)
FNDA:0,(anonymous_19)
FNDA:0,(anonymous_20)
DA:1,3
DA:2,3
DA:3,3
DA:4,3
DA:5,3
DA:6,3
DA:8,3
DA:9,2
DA:10,1
DA:12,1
DA:19,1
DA:30,6
DA:31,6
DA:32,4
DA:34,4
DA:41,4
DA:52,3
DA:53,2
DA:55,2
DA:56,1
DA:64,3
DA:65,0
DA:66,0
DA:68,0
DA:76,3
DA:77,2
DA:78,2
DA:79,1
DA:87,3
DA:88,0
DA:90,0
DA:91,0
DA:94,0
DA:95,0
DA:103,3
LF:35
LH:27
BRDA:90,0,0,0
BRDA:90,0,1,0
BRF:2
BRH:0
end_of_record
TN:
SF:src/app/modules/Auth/auth.route.ts
FNF:0
FNH:0
DA:1,3
DA:2,3
DA:3,3
DA:4,3
DA:5,3
DA:6,3
DA:8,3
DA:44,3
DA:95,3
DA:144,3
DA:197,3
DA:245,3
DA:299,3
DA:305,3
LF:14
LH:14
BRF:0
BRH:0
end_of_record
TN:
SF:src/app/modules/Auth/auth.service.ts
FN:11,(anonymous_8)
FN:11,(anonymous_9)
FN:57,(anonymous_10)
FN:57,(anonymous_11)
FN:99,(anonymous_12)
FN:102,(anonymous_13)
FN:140,(anonymous_14)
FN:140,(anonymous_15)
FN:181,(anonymous_16)
FN:181,(anonymous_17)
FN:208,(anonymous_18)
FN:211,(anonymous_19)
FNF:12
FNH:8
FNDA:2,(anonymous_8)
FNDA:2,(anonymous_9)
FNDA:6,(anonymous_10)
FNDA:6,(anonymous_11)
FNDA:2,(anonymous_12)
FNDA:2,(anonymous_13)
FNDA:0,(anonymous_14)
FNDA:0,(anonymous_15)
FNDA:2,(anonymous_16)
FNDA:2,(anonymous_17)
FNDA:0,(anonymous_18)
FNDA:0,(anonymous_19)
DA:2,3
DA:3,3
DA:4,3
DA:5,3
DA:6,3
DA:7,3
DA:9,3
DA:11,3
DA:12,2
DA:14,2
DA:15,1
DA:18,1
DA:27,1
DA:33,1
DA:39,1
DA:45,1
DA:57,6
DA:58,6
DA:60,6
DA:61,1
DA:64,5
DA:66,5
DA:67,0
DA:70,5
DA:71,1
DA:74,4
DA:80,4
DA:86,4
DA:92,4
DA:99,3
DA:102,2
DA:103,2
DA:105,2
DA:106,0
DA:109,2
DA:111,2
DA:112,0
DA:117,2
DA:118,1
DA:120,1
DA:125,1
DA:137,1
DA:140,3
DA:141,0
DA:143,0
DA:145,0
DA:147,0
DA:148,0
DA:150,0
DA:152,0
DA:153,0
DA:157,0
DA:161,0
DA:164,0
DA:170,0
DA:176,0
DA:181,3
DA:182,2
DA:184,2
DA:185,1
DA:187,1
DA:189,1
DA:190,0
DA:192,1
DA:198,1
DA:204,1
DA:205,1
DA:208,3
DA:211,0
DA:212,0
DA:214,0
DA:215,0
DA:217,0
DA:219,0
DA:220,0
DA:222,0
DA:227,0
DA:228,0
DA:229,0
DA:232,0
DA:237,0
DA:250,3
LF:82
LH:52
BRDA:14,0,0,1
BRDA:14,0,1,1
BRDA:60,1,0,1
BRDA:60,1,1,5
BRDA:64,2,0,0
BRDA:64,2,1,5
BRDA:64,3,0,5
BRDA:64,3,1,5
BRDA:66,4,0,0
BRDA:66,4,1,5
BRDA:70,5,0,1
BRDA:70,5,1,4
BRDA:70,6,0,0
BRDA:70,6,1,5
BRDA:70,7,0,5
BRDA:70,7,1,5
BRDA:70,8,0,0
BRDA:70,8,1,5
BRDA:70,9,0,5
BRDA:70,9,1,5
BRDA:95,10,0,0
BRDA:95,10,1,4
BRDA:95,11,0,4
BRDA:95,11,1,4
BRDA:105,12,0,0
BRDA:105,12,1,2
BRDA:109,13,0,0
BRDA:109,13,1,2
BRDA:109,14,0,2
BRDA:109,14,1,2
BRDA:111,15,0,0
BRDA:111,15,1,2
BRDA:117,16,0,1
BRDA:117,16,1,1
BRDA:117,17,0,0
BRDA:117,17,1,2
BRDA:117,18,0,2
BRDA:117,18,1,2
BRDA:147,19,0,0
BRDA:147,19,1,0
BRDA:150,20,0,0
BRDA:150,20,1,0
BRDA:150,21,0,0
BRDA:150,21,1,0
BRDA:152,22,0,0
BRDA:152,22,1,0
BRDA:157,23,0,0
BRDA:157,23,1,0
BRDA:158,24,0,0
BRDA:158,24,1,0
BRDA:184,25,0,1
BRDA:184,25,1,1
BRDA:187,26,0,0
BRDA:187,26,1,1
BRDA:187,27,0,1
BRDA:187,27,1,1
BRDA:189,28,0,0
BRDA:189,28,1,1
BRDA:212,29,0,0
BRDA:212,29,1,0
BRDA:212,30,0,0
BRDA:212,30,1,0
BRDA:214,31,0,0
BRDA:214,31,1,0
BRDA:217,32,0,0
BRDA:217,32,1,0
BRDA:217,33,0,0
BRDA:217,33,1,0
BRDA:219,34,0,0
BRDA:219,34,1,0
BRDA:227,35,0,0
BRDA:227,35,1,0
BRF:72
BRH:35
end_of_record
TN:
SF:src/app/modules/Auth/auth.utils.ts
FN:3,(anonymous_1)
FN:13,(anonymous_2)
FNF:2
FNH:1
FNDA:11,(anonymous_1)
FNDA:0,(anonymous_2)
DA:1,3
DA:3,3
DA:8,11
DA:13,3
DA:14,0
LF:5
LH:4
BRF:0
BRH:0
end_of_record
TN:
SF:src/app/modules/Auth/auth.validation.ts
FNF:0
FNH:0
DA:1,3
DA:3,3
DA:12,3
DA:19,3
DA:28,3
DA:36,3
DA:44,3
DA:55,3
LF:8
LH:8
BRF:0
BRH:0
end_of_record
TN:
SF:src/app/modules/Booking/booking.controller.ts
FN:6,(anonymous_8)
FN:6,(anonymous_9)
FN:18,(anonymous_10)
FN:18,(anonymous_11)
FN:29,(anonymous_12)
FN:29,(anonymous_13)
FN:41,(anonymous_14)
FN:41,(anonymous_15)
FN:53,(anonymous_16)
FN:53,(anonymous_17)
FN:66,(anonymous_18)
FN:66,(anonymous_19)
FN:86,(anonymous_20)
FN:86,(anonymous_21)
FN:99,(anonymous_22)
FN:99,(anonymous_23)
FNF:16
FNH:0
FNDA:0,(anonymous_8)
FNDA:0,(anonymous_9)
FNDA:0,(anonymous_10)
FNDA:0,(anonymous_11)
FNDA:0,(anonymous_12)
FNDA:0,(anonymous_13)
FNDA:0,(anonymous_14)
FNDA:0,(anonymous_15)
FNDA:0,(anonymous_16)
FNDA:0,(anonymous_17)
FNDA:0,(anonymous_18)
FNDA:0,(anonymous_19)
FNDA:0,(anonymous_20)
FNDA:0,(anonymous_21)
FNDA:0,(anonymous_22)
FNDA:0,(anonymous_23)
DA:1,3
DA:2,3
DA:3,3
DA:4,3
DA:6,3
DA:7,0
DA:8,0
DA:10,0
DA:18,3
DA:19,0
DA:21,0
DA:29,3
DA:30,0
DA:31,0
DA:33,0
DA:41,3
DA:42,0
DA:43,0
DA:45,0
DA:53,3
DA:54,0
DA:55,0
DA:56,0
DA:58,0
DA:66,3
DA:67,0
DA:68,0
DA:69,0
DA:71,0
DA:78,0
DA:86,3
DA:87,0
DA:88,0
DA:89,0
DA:91,0
DA:99,3
DA:100,0
DA:101,0
DA:103,0
DA:111,3
LF:40
LH:13
BRF:0
BRH:0
end_of_record
TN:
SF:src/app/modules/Booking/booking.model.ts
FN:78,(anonymous_7)
FN:128,(anonymous_9)
FN:133,(anonymous_10)
FNF:3
FNH:1
FNDA:0,(anonymous_7)
FNDA:61,(anonymous_9)
FNDA:0,(anonymous_10)
DA:1,3
DA:4,3
DA:20,3
DA:78,3
DA:84,0
DA:85,0
DA:87,0
DA:88,0
DA:90,0
DA:91,0
DA:93,0
DA:120,0
DA:121,0
DA:124,0
DA:125,0
DA:128,3
DA:129,61
DA:130,61
DA:133,3
DA:134,0
DA:135,0
DA:138,3
LF:22
LH:9
BRDA:120,0,0,0
BRDA:120,0,1,0
BRF:2
BRH:0
end_of_record
TN:
SF:src/app/modules/Booking/booking.route.ts
FNF:0
FNH:0
DA:1,3
DA:2,3
DA:3,3
DA:4,3
DA:5,3
DA:6,3
DA:8,3
DA:62,3
DA:97,3
DA:116,3
DA:143,3
DA:193,3
DA:236,3
DA:266,3
DA:293,3
DA:299,3
LF:16
LH:16
BRF:0
BRH:0
end_of_record
TN:
SF:src/app/modules/Booking/booking.service.ts
FN:9,(anonymous_8)
FN:9,(anonymous_9)
FN:59,(anonymous_10)
FN:59,(anonymous_11)
FN:93,(anonymous_12)
FN:93,(anonymous_13)
FN:105,(anonymous_14)
FN:105,(anonymous_15)
FN:118,(anonymous_16)
FN:122,(anonymous_17)
FN:177,(anonymous_18)
FN:182,(anonymous_19)
FN:215,(anonymous_20)
FN:215,(anonymous_21)
FN:244,(anonymous_22)
FN:244,(anonymous_23)
FNF:16
FNH:0
FNDA:0,(anonymous_8)
FNDA:0,(anonymous_9)
FNDA:0,(anonymous_10)
FNDA:0,(anonymous_11)
FNDA:0,(anonymous_12)
FNDA:0,(anonymous_13)
FNDA:0,(anonymous_14)
FNDA:0,(anonymous_15)
FNDA:0,(anonymous_16)
FNDA:0,(anonymous_17)
FNDA:0,(anonymous_18)
FNDA:0,(anonymous_19)
FNDA:0,(anonymous_20)
FNDA:0,(anonymous_21)
FNDA:0,(anonymous_22)
FNDA:0,(anonymous_23)
DA:2,3
DA:3,3
DA:4,3
DA:5,3
DA:7,3
DA:9,3
DA:10,0
DA:12,0
DA:13,0
DA:16,0
DA:17,0
DA:20,0
DA:21,0
DA:27,0
DA:33,0
DA:34,0
DA:40,0
DA:41,0
DA:42,0
DA:43,0
DA:45,0
DA:52,0
DA:56,0
DA:59,3
DA:60,0
DA:62,0
DA:64,0
DA:65,0
DA:68,0
DA:69,0
DA:70,0
DA:71,0
DA:72,0
DA:74,0
DA:80,0
DA:81,0
DA:84,0
DA:90,0
DA:93,3
DA:94,0
DA:102,0
DA:105,3
DA:106,0
DA:111,0
DA:112,0
DA:115,0
DA:118,3
DA:122,0
DA:123,0
DA:125,0
DA:126,0
DA:129,0
DA:130,0
DA:133,0
DA:134,0
DA:140,0
DA:141,0
DA:142,0
DA:144,0
DA:151,0
DA:152,0
DA:158,0
DA:159,0
DA:160,0
DA:161,0
DA:162,0
DA:163,0
DA:167,0
DA:174,0
DA:177,3
DA:182,0
DA:183,0
DA:185,0
DA:186,0
DA:189,0
DA:190,0
DA:196,0
DA:201,0
DA:202,0
DA:205,0
DA:212,0
DA:215,3
DA:216,0
DA:218,0
DA:219,0
DA:222,0
DA:223,0
DA:226,0
DA:227,0
DA:233,0
DA:241,0
DA:244,3
DA:245,0
DA:247,0
DA:248,0
DA:251,0
DA:257,0
DA:260,3
LF:98
LH:14
BRDA:12,0,0,0
BRDA:12,0,1,0
BRDA:12,1,0,0
BRDA:12,1,1,0
BRDA:16,2,0,0
BRDA:16,2,1,0
BRDA:20,3,0,0
BRDA:20,3,1,0
BRDA:20,4,0,0
BRDA:20,4,1,0
BRDA:33,5,0,0
BRDA:33,5,1,0
BRDA:64,6,0,0
BRDA:64,6,1,0
BRDA:68,7,0,0
BRDA:68,7,1,0
BRDA:80,8,0,0
BRDA:80,8,1,0
BRDA:111,9,0,0
BRDA:111,9,1,0
BRDA:111,10,0,0
BRDA:111,10,1,0
BRDA:125,11,0,0
BRDA:125,11,1,0
BRDA:125,12,0,0
BRDA:125,12,1,0
BRDA:129,13,0,0
BRDA:129,13,1,0
BRDA:129,14,0,0
BRDA:129,14,1,0
BRDA:133,15,0,0
BRDA:133,15,1,0
BRDA:140,16,0,0
BRDA:140,16,1,0
BRDA:140,17,0,0
BRDA:140,17,1,0
BRDA:141,18,0,0
BRDA:141,18,1,0
BRDA:142,19,0,0
BRDA:142,19,1,0
BRDA:151,20,0,0
BRDA:151,20,1,0
BRDA:158,21,0,0
BRDA:158,21,1,0
BRDA:185,22,0,0
BRDA:185,22,1,0
BRDA:185,23,0,0
BRDA:185,23,1,0
BRDA:189,24,0,0
BRDA:189,24,1,0
BRDA:201,25,0,0
BRDA:201,25,1,0
BRDA:201,26,0,0
BRDA:201,26,1,0
BRDA:218,27,0,0
BRDA:218,27,1,0
BRDA:218,28,0,0
BRDA:218,28,1,0
BRDA:222,29,0,0
BRDA:222,29,1,0
BRDA:222,30,0,0
BRDA:222,30,1,0
BRDA:226,31,0,0
BRDA:226,31,1,0
BRDA:226,32,0,0
BRDA:226,32,1,0
BRDA:247,33,0,0
BRDA:247,33,1,0
BRDA:247,34,0,0
BRDA:247,34,1,0
BRF:70
BRH:0
end_of_record
TN:
SF:src/app/modules/Booking/booking.validation.ts
FN:9,(anonymous_0)
FN:29,(anonymous_1)
FN:52,(anonymous_2)
FN:75,(anonymous_3)
FNF:4
FNH:0
FNDA:0,(anonymous_0)
FNDA:0,(anonymous_1)
FNDA:0,(anonymous_2)
FNDA:0,(anonymous_3)
DA:1,3
DA:3,3
DA:5,3
DA:10,0
DA:11,0
DA:12,0
DA:13,0
DA:14,0
DA:21,3
DA:30,0
DA:31,0
DA:32,0
DA:33,0
DA:49,3
DA:53,0
DA:54,0
DA:55,0
DA:56,0
DA:68,3
DA:76,0
DA:77,0
DA:79,0
DA:88,3
LF:23
LH:7
BRDA:76,0,0,0
BRDA:76,0,1,0
BRDA:76,1,0,0
BRDA:76,1,1,0
BRF:4
BRH:0
end_of_record
TN:
SF:src/app/modules/Room/room.controller.ts
FN:6,(anonymous_8)
FN:6,(anonymous_9)
FN:17,(anonymous_10)
FN:17,(anonymous_11)
FN:28,(anonymous_12)
FN:28,(anonymous_13)
FN:40,(anonymous_14)
FN:40,(anonymous_15)
FN:52,(anonymous_16)
FN:52,(anonymous_17)
FN:64,(anonymous_18)
FN:64,(anonymous_19)
FNF:12
FNH:10
FNDA:2,(anonymous_8)
FNDA:2,(anonymous_9)
FNDA:5,(anonymous_10)
FNDA:5,(anonymous_11)
FNDA:4,(anonymous_12)
FNDA:4,(anonymous_13)
FNDA:2,(anonymous_14)
FNDA:2,(anonymous_15)
FNDA:1,(anonymous_16)
FNDA:1,(anonymous_17)
FNDA:0,(anonymous_18)
FNDA:0,(anonymous_19)
DA:1,3
DA:2,3
DA:3,3
DA:4,3
DA:6,3
DA:7,2
DA:9,1
DA:17,5
DA:18,5
DA:20,5
DA:28,4
DA:29,4
DA:30,4
DA:32,1
DA:40,3
DA:41,2
DA:42,2
DA:44,1
DA:52,3
DA:53,1
DA:54,1
DA:56,1
DA:64,3
DA:65,0
DA:66,0
DA:68,0
DA:76,3
LF:27
LH:24
BRF:0
BRH:0
end_of_record
TN:
SF:src/app/modules/Room/room.model.ts
FN:63,(anonymous_7)
FN:67,(anonymous_9)
FN:72,(anonymous_10)
FNF:3
FNH:3
FNDA:2,(anonymous_7)
FNDA:14,(anonymous_9)
FNDA:9,(anonymous_10)
DA:1,3
DA:4,3
DA:63,3
DA:64,2
DA:67,3
DA:68,14
DA:69,14
DA:72,3
DA:73,9
DA:74,9
DA:77,3
LF:11
LH:11
BRF:0
BRH:0
end_of_record
TN:
SF:src/app/modules/Room/room.route.ts
FNF:0
FNH:0
DA:1,3
DA:2,3
DA:3,3
DA:4,3
DA:5,3
DA:6,3
DA:8,3
DA:69,3
DA:120,3
DA:142,3
DA:185,3
DA:212,3
DA:240,3
DA:242,3
LF:14
LH:14
BRF:0
BRH:0
end_of_record
TN:
SF:src/app/modules/Room/room.service.ts
FN:6,(anonymous_8)
FN:6,(anonymous_9)
FN:17,(anonymous_10)
FN:17,(anonymous_11)
FN:64,(anonymous_12)
FN:64,(anonymous_13)
FN:74,(anonymous_14)
FN:74,(anonymous_15)
FN:96,(anonymous_16)
FN:96,(anonymous_17)
FN:112,(anonymous_18)
FN:112,(anonymous_19)
FNF:12
FNH:10
FNDA:2,(anonymous_8)
FNDA:2,(anonymous_9)
FNDA:5,(anonymous_10)
FNDA:5,(anonymous_11)
FNDA:4,(anonymous_12)
FNDA:4,(anonymous_13)
FNDA:2,(anonymous_14)
FNDA:2,(anonymous_15)
FNDA:1,(anonymous_16)
FNDA:1,(anonymous_17)
FNDA:0,(anonymous_18)
FNDA:0,(anonymous_19)
DA:1,3
DA:2,3
DA:4,3
DA:6,3
DA:7,2
DA:9,2
DA:10,1
DA:13,1
DA:14,1
DA:17,5
DA:25,5
DA:27,5
DA:29,5
DA:30,1
DA:33,5
DA:34,1
DA:37,5
DA:38,1
DA:41,5
DA:42,0
DA:45,5
DA:46,0
DA:49,0
DA:52,5
DA:53,1
DA:60,5
DA:61,5
DA:64,4
DA:65,4
DA:67,3
DA:68,2
DA:71,1
DA:74,3
DA:75,2
DA:77,2
DA:78,1
DA:81,1
DA:82,0
DA:83,0
DA:84,0
DA:88,1
DA:93,1
DA:96,3
DA:97,1
DA:99,1
DA:100,0
DA:103,1
DA:109,1
DA:112,3
DA:113,0
DA:115,0
DA:116,0
DA:119,0
DA:125,0
DA:128,3
LF:55
LH:43
BRDA:9,0,0,1
BRDA:9,0,1,1
BRDA:29,1,0,1
BRDA:29,1,1,4
BRDA:33,2,0,1
BRDA:33,2,1,4
BRDA:37,3,0,1
BRDA:37,3,1,4
BRDA:41,4,0,0
BRDA:41,4,1,5
BRDA:45,5,0,0
BRDA:45,5,1,5
BRDA:46,6,0,0
BRDA:46,6,1,0
BRDA:52,7,0,1
BRDA:52,7,1,4
BRDA:67,8,0,2
BRDA:67,8,1,1
BRDA:67,9,0,3
BRDA:67,9,1,1
BRDA:77,10,0,1
BRDA:77,10,1,1
BRDA:77,11,0,2
BRDA:77,11,1,1
BRDA:81,12,0,0
BRDA:81,12,1,1
BRDA:81,13,0,1
BRDA:81,13,1,0
BRDA:83,14,0,0
BRDA:83,14,1,0
BRDA:99,15,0,0
BRDA:99,15,1,1
BRDA:99,16,0,1
BRDA:99,16,1,1
BRDA:115,17,0,0
BRDA:115,17,1,0
BRDA:115,18,0,0
BRDA:115,18,1,0
BRF:38
BRH:25
end_of_record
TN:
SF:src/app/modules/Room/room.validation.ts
FNF:0
FNH:0
DA:1,3
DA:3,3
DA:27,3
DA:42,3
LF:4
LH:4
BRF:0
BRH:0
end_of_record
TN:
SF:src/app/modules/RoomAllocation/allocation.controller.ts
FN:6,(anonymous_8)
FN:6,(anonymous_9)
FNF:2
FNH:2
FNDA:9,(anonymous_8)
FNDA:9,(anonymous_9)
DA:1,3
DA:2,3
DA:3,3
DA:4,3
DA:6,9
DA:7,9
DA:8,9
DA:10,9
DA:21,8
DA:31,3
LF:10
LH:10
BRDA:14,0,0,9
BRDA:14,0,1,0
BRDA:16,1,0,9
BRDA:16,1,1,0
BRDA:17,2,0,9
BRDA:17,2,1,3
BRDA:24,3,0,8
BRDA:24,3,1,0
BRF:8
BRH:5
end_of_record
TN:
SF:src/app/modules/RoomAllocation/allocation.route.ts
FNF:0
FNH:0
DA:1,3
DA:2,3
DA:3,3
DA:4,3
DA:5,3
DA:6,3
DA:8,3
DA:112,3
DA:119,3
LF:9
LH:9
BRF:0
BRH:0
end_of_record
TN:
SF:src/app/modules/RoomAllocation/allocation.service.ts
FN:35,(anonymous_8)
FN:63,(anonymous_9)
FN:107,(anonymous_10)
FN:112,(anonymous_11)
FN:150,(anonymous_12)
FN:173,(anonymous_13)
FN:175,(anonymous_14)
FN:202,(anonymous_15)
FN:204,(anonymous_16)
FN:221,(anonymous_17)
FN:275,(anonymous_18)
FN:306,(anonymous_19)
FN:309,(anonymous_20)
FNF:13
FNH:11
FNDA:61,(anonymous_8)
FNDA:68,(anonymous_9)
FNDA:61,(anonymous_10)
FNDA:61,(anonymous_11)
FNDA:8,(anonymous_12)
FNDA:9,(anonymous_13)
FNDA:9,(anonymous_14)
FNDA:18,(anonymous_15)
FNDA:20,(anonymous_16)
FNDA:17,(anonymous_17)
FNDA:93,(anonymous_18)
FNDA:0,(anonymous_19)
FNDA:0,(anonymous_20)
DA:2,3
DA:3,3
DA:4,3
DA:5,3
DA:6,3
DA:15,3
DA:16,3
DA:26,3
DA:35,3
DA:41,61
DA:44,61
DA:45,61
DA:46,0
DA:48,61
DA:49,61
DA:50,14
DA:51,47
DA:52,11
DA:53,36
DA:54,11
DA:56,25
DA:61,61
DA:62,61
DA:63,52
DA:64,68
DA:66,52
DA:70,61
DA:73,61
DA:74,61
DA:75,25
DA:76,14
DA:81,61
DA:82,61
DA:83,61
DA:84,61
DA:85,44
DA:90,61
DA:96,61
DA:107,3
DA:112,61
DA:113,61
DA:114,61
DA:116,61
DA:117,61
DA:118,61
DA:119,61
DA:121,61
DA:128,61
DA:129,0
DA:130,0
DA:131,0
DA:133,0
DA:134,0
DA:135,0
DA:139,0
DA:141,0
DA:142,0
DA:146,61
DA:150,3
DA:155,8
DA:158,8
DA:159,10
DA:160,10
DA:164,8
DA:165,10
DA:166,10
DA:169,8
DA:173,3
DA:175,9
DA:177,9
DA:178,9
DA:179,0
DA:183,9
DA:184,0
DA:188,9
DA:194,9
DA:195,1
DA:202,8
DA:203,18
DA:204,20
DA:207,8
DA:208,0
DA:221,17
DA:224,8
DA:229,8
DA:232,8
DA:233,17
DA:234,61
DA:237,61
DA:239,61
DA:240,61
DA:243,61
DA:244,61
DA:246,61
DA:247,61
DA:248,61
DA:249,61
DA:250,61
DA:251,61
DA:253,61
DA:275,93
DA:278,8
DA:279,8
DA:281,8
DA:282,8
DA:283,0
DA:284,0
DA:285,0
DA:287,8
DA:288,6
DA:290,8
DA:291,8
DA:295,8
DA:306,3
DA:309,0
DA:310,0
DA:312,0
DA:314,0
DA:315,0
DA:318,0
DA:319,0
DA:322,0
DA:323,0
DA:325,0
DA:328,3
LF:125
LH:99
BRDA:45,0,0,0
BRDA:45,0,1,61
BRDA:49,1,0,14
BRDA:49,1,1,47
BRDA:51,2,0,11
BRDA:51,2,1,36
BRDA:53,3,0,11
BRDA:53,3,1,25
BRDA:62,4,0,52
BRDA:62,4,1,9
BRDA:70,5,0,61
BRDA:70,5,1,0
BRDA:74,6,0,25
BRDA:74,6,1,36
BRDA:75,7,0,14
BRDA:75,7,1,11
BRDA:84,8,0,44
BRDA:84,8,1,17
BRDA:111,9,0,61
BRDA:139,10,0,0
BRDA:139,10,1,0
BRDA:141,11,0,0
BRDA:141,11,1,0
BRDA:153,12,0,8
BRDA:178,13,0,0
BRDA:178,13,1,9
BRDA:183,14,0,0
BRDA:183,14,1,9
BRDA:183,15,0,9
BRDA:183,15,1,0
BRDA:194,16,0,1
BRDA:194,16,1,8
BRDA:203,17,0,3
BRDA:203,17,1,15
BRDA:207,18,0,0
BRDA:207,18,1,8
BRDA:239,19,0,61
BRDA:239,19,1,0
BRDA:243,20,0,61
BRDA:243,20,1,0
BRDA:243,21,0,61
BRDA:243,21,1,0
BRDA:247,22,0,25
BRDA:247,22,1,36
BRDA:248,23,0,61
BRDA:248,23,1,0
BRDA:249,24,0,11
BRDA:249,24,1,50
BRDA:250,25,0,14
BRDA:250,25,1,47
BRDA:251,26,0,17
BRDA:251,26,1,44
BRDA:278,27,0,8
BRDA:278,27,1,0
BRDA:282,28,0,0
BRDA:282,28,1,8
BRDA:287,29,0,6
BRDA:287,29,1,2
BRDA:290,30,0,8
BRDA:290,30,1,0
BRDA:312,31,0,0
BRDA:312,31,1,0
BRDA:318,32,0,0
BRDA:318,32,1,0
BRDA:322,33,0,0
BRDA:322,33,1,0
BRDA:323,34,0,0
BRDA:323,34,1,0
BRF:68
BRH:43
end_of_record
TN:
SF:src/app/modules/RoomAllocation/allocation.validation.ts
FN:17,(anonymous_0)
FNF:1
FNH:1
FNDA:11,(anonymous_0)
DA:1,3
DA:3,3
DA:18,11
DA:19,11
DA:35,3
LF:5
LH:5
BRF:0
BRH:0
end_of_record
TN:
SF:src/app/modules/Slot/slot.controller.ts
FN:6,(anonymous_8)
FN:6,(anonymous_9)
FN:17,(anonymous_10)
FN:17,(anonymous_11)
FN:28,(anonymous_12)
FN:28,(anonymous_13)
FN:39,(anonymous_14)
FN:39,(anonymous_15)
FN:51,(anonymous_16)
FN:51,(anonymous_17)
FN:63,(anonymous_18)
FN:63,(anonymous_19)
FNF:12
FNH:0
FNDA:0,(anonymous_8)
FNDA:0,(anonymous_9)
FNDA:0,(anonymous_10)
FNDA:0,(anonymous_11)
FNDA:0,(anonymous_12)
FNDA:0,(anonymous_13)
FNDA:0,(anonymous_14)
FNDA:0,(anonymous_15)
FNDA:0,(anonymous_16)
FNDA:0,(anonymous_17)
FNDA:0,(anonymous_18)
FNDA:0,(anonymous_19)
DA:1,3
DA:2,3
DA:3,3
DA:4,3
DA:6,3
DA:7,0
DA:9,0
DA:17,3
DA:18,0
DA:20,0
DA:28,3
DA:29,0
DA:31,0
DA:39,3
DA:40,0
DA:41,0
DA:43,0
DA:51,3
DA:52,0
DA:53,0
DA:55,0
DA:63,3
DA:64,0
DA:65,0
DA:67,0
DA:75,3
LF:26
LH:11
BRF:0
BRH:0
end_of_record
TN:
SF:src/app/modules/Slot/slot.model.ts
FN:37,(anonymous_7)
FN:42,(anonymous_8)
FN:47,(anonymous_9)
FN:52,(anonymous_10)
FNF:4
FNH:0
FNDA:0,(anonymous_7)
FNDA:0,(anonymous_8)
FNDA:0,(anonymous_9)
FNDA:0,(anonymous_10)
DA:1,3
DA:4,3
DA:37,3
DA:38,0
DA:39,0
DA:42,3
DA:43,0
DA:44,0
DA:47,3
DA:48,0
DA:49,0
DA:52,3
DA:58,0
DA:59,0
DA:61,0
DA:62,0
DA:64,0
DA:73,3
LF:18
LH:7
BRF:0
BRH:0
end_of_record
TN:
SF:src/app/modules/Slot/slot.route.ts
FNF:0
FNH:0
DA:1,3
DA:2,3
DA:3,3
DA:4,3
DA:5,3
DA:6,3
DA:8,3
DA:56,3
DA:91,3
DA:122,3
DA:144,3
DA:190,3
DA:223,3
DA:225,3
LF:14
LH:14
BRF:0
BRH:0
end_of_record
TN:
SF:src/app/modules/Slot/slot.service.ts
FN:9,(anonymous_8)
FN:9,(anonymous_9)
FN:36,(anonymous_10)
FN:36,(anonymous_11)
FN:63,(anonymous_12)
FN:63,(anonymous_13)
FN:97,(anonymous_14)
FN:97,(anonymous_15)
FN:107,(anonymous_16)
FN:107,(anonymous_17)
FN:130,(anonymous_18)
FN:130,(anonymous_19)
FN:155,(anonymous_20)
FN:160,(anonymous_21)
FN:181,(anonymous_22)
FN:186,(anonymous_23)
FNF:16
FNH:0
FNDA:0,(anonymous_8)
FNDA:0,(anonymous_9)
FNDA:0,(anonymous_10)
FNDA:0,(anonymous_11)
FNDA:0,(anonymous_12)
FNDA:0,(anonymous_13)
FNDA:0,(anonymous_14)
FNDA:0,(anonymous_15)
FNDA:0,(anonymous_16)
FNDA:0,(anonymous_17)
FNDA:0,(anonymous_18)
FNDA:0,(anonymous_19)
FNDA:0,(anonymous_20)
FNDA:0,(anonymous_21)
FNDA:0,(anonymous_22)
FNDA:0,(anonymous_23)
DA:2,3
DA:3,3
DA:4,3
DA:6,3
DA:9,3
DA:11,0
DA:12,0
DA:13,0
DA:17,0
DA:24,0
DA:25,0
DA:31,0
DA:32,0
DA:33,0
DA:36,3
DA:37,0
DA:39,0
DA:41,0
DA:42,0
DA:45,0
DA:46,0
DA:47,0
DA:49,0
DA:50,0
DA:52,0
DA:55,0
DA:56,0
DA:59,0
DA:60,0
DA:63,3
DA:64,0
DA:66,0
DA:67,0
DA:74,0
DA:75,0
DA:76,0
DA:79,0
DA:80,0
DA:82,0
DA:83,0
DA:85,0
DA:94,0
DA:97,3
DA:98,0
DA:100,0
DA:101,0
DA:104,0
DA:107,3
DA:108,0
DA:110,0
DA:111,0
DA:115,0
DA:116,0
DA:122,0
DA:127,0
DA:130,3
DA:131,0
DA:133,0
DA:134,0
DA:138,0
DA:139,0
DA:145,0
DA:151,0
DA:155,3
DA:160,0
DA:161,0
DA:163,0
DA:164,0
DA:167,0
DA:168,0
DA:171,0
DA:177,0
DA:181,3
DA:186,0
DA:187,0
DA:189,0
DA:190,0
DA:198,3
LF:78
LH:13
BRDA:12,0,0,0
BRDA:12,0,1,0
BRDA:24,1,0,0
BRDA:24,1,1,0
BRDA:41,2,0,0
BRDA:41,2,1,0
BRDA:45,3,0,0
BRDA:45,3,1,0
BRDA:55,4,0,0
BRDA:55,4,1,0
BRDA:66,5,0,0
BRDA:66,5,1,0
BRDA:66,6,0,0
BRDA:66,6,1,0
BRDA:75,7,0,0
BRDA:75,7,1,0
BRDA:100,8,0,0
BRDA:100,8,1,0
BRDA:110,9,0,0
BRDA:110,9,1,0
BRDA:115,10,0,0
BRDA:115,10,1,0
BRDA:133,11,0,0
BRDA:133,11,1,0
BRDA:138,12,0,0
BRDA:138,12,1,0
BRDA:163,13,0,0
BRDA:163,13,1,0
BRDA:167,14,0,0
BRDA:167,14,1,0
BRDA:189,15,0,0
BRDA:189,15,1,0
BRF:32
BRH:0
end_of_record
TN:
SF:src/app/modules/Slot/slot.validation.ts
FN:9,(anonymous_0)
FN:22,(anonymous_1)
FN:42,(anonymous_2)
FNF:3
FNH:0
FNDA:0,(anonymous_0)
FNDA:0,(anonymous_1)
FNDA:0,(anonymous_2)
DA:1,3
DA:3,3
DA:5,3
DA:10,0
DA:11,0
DA:23,0
DA:24,0
DA:26,0
DA:27,0
DA:29,0
DA:37,3
DA:43,0
DA:44,0
DA:55,3
LF:14
LH:5
BRF:0
BRH:0
end_of_record
TN:
SF:src/app/modules/User/user.controller.ts
FN:25,(anonymous_8)
FN:25,(anonymous_9)
FN:36,(anonymous_10)
FN:36,(anonymous_11)
FN:48,(anonymous_12)
FN:48,(anonymous_13)
FN:60,(anonymous_14)
FN:60,(anonymous_15)
FN:74,(anonymous_16)
FN:74,(anonymous_17)
FN:87,(anonymous_18)
FN:87,(anonymous_19)
FNF:12
FNH:0
FNDA:0,(anonymous_8)
FNDA:0,(anonymous_9)
FNDA:0,(anonymous_10)
FNDA:0,(anonymous_11)
FNDA:0,(anonymous_12)
FNDA:0,(anonymous_13)
FNDA:0,(anonymous_14)
FNDA:0,(anonymous_15)
FNDA:0,(anonymous_16)
FNDA:0,(anonymous_17)
FNDA:0,(anonymous_18)
FNDA:0,(anonymous_19)
DA:1,3
DA:2,3
DA:3,3
DA:4,3
DA:25,3
DA:26,0
DA:28,0
DA:36,3
DA:37,0
DA:38,0
DA:40,0
DA:48,3
DA:49,0
DA:50,0
DA:52,0
DA:60,3
DA:61,0
DA:62,0
DA:64,0
DA:66,0
DA:74,3
DA:75,0
DA:77,0
DA:79,0
DA:87,3
DA:88,0
DA:90,0
DA:92,0
DA:100,3
LF:29
LH:11
BRF:0
BRH:0
end_of_record
TN:
SF:src/app/modules/User/user.model.ts
FN:57,(anonymous_8)
FN:67,(anonymous_10)
FN:72,(anonymous_11)
FN:76,(anonymous_13)
FN:83,(anonymous_15)
FNF:5
FNH:4
FNDA:56,(anonymous_8)
FNDA:56,(anonymous_10)
FNDA:28,(anonymous_11)
FNDA:7,(anonymous_13)
FNDA:0,(anonymous_15)
DA:2,3
DA:3,3
DA:4,3
DA:5,3
DA:8,3
DA:57,3
DA:59,56
DA:60,56
DA:64,56
DA:67,3
DA:68,56
DA:69,56
DA:72,3
DA:73,28
DA:76,3
DA:80,7
DA:83,3
DA:88,0
DA:89,0
DA:92,3
LF:20
LH:18
BRF:0
BRH:0
end_of_record
TN:
SF:src/app/modules/User/user.route.ts
FNF:0
FNH:0
DA:2,3
DA:3,3
DA:4,3
DA:5,3
DA:6,3
DA:7,3
DA:9,3
DA:12,3
DA:19,3
DA:30,3
DA:36,3
DA:43,3
DA:50,3
DA:56,3
LF:14
LH:14
BRF:0
BRH:0
end_of_record
TN:
SF:src/app/modules/User/user.service.ts
FN:8,(anonymous_8)
FN:8,(anonymous_9)
FN:13,(anonymous_10)
FN:13,(anonymous_11)
FN:23,(anonymous_12)
FN:23,(anonymous_13)
FN:33,(anonymous_14)
FN:33,(anonymous_15)
FN:55,(anonymous_16)
FN:55,(anonymous_17)
FN:77,(anonymous_18)
FN:77,(anonymous_19)
FNF:12
FNH:0
FNDA:0,(anonymous_8)
FNDA:0,(anonymous_9)
FNDA:0,(anonymous_10)
FNDA:0,(anonymous_11)
FNDA:0,(anonymous_12)
FNDA:0,(anonymous_13)
FNDA:0,(anonymous_14)
FNDA:0,(anonymous_15)
FNDA:0,(anonymous_16)
FNDA:0,(anonymous_17)
FNDA:0,(anonymous_18)
FNDA:0,(anonymous_19)
DA:4,3
DA:5,3
DA:6,3
DA:8,3
DA:9,0
DA:10,0
DA:13,3
DA:14,0
DA:16,0
DA:17,0
DA:20,0
DA:23,3
DA:24,0
DA:26,0
DA:27,0
DA:30,0
DA:33,3
DA:34,0
DA:36,0
DA:37,0
DA:40,0
DA:42,0
DA:43,0
DA:46,0
DA:52,0
DA:55,3
DA:56,0
DA:58,0
DA:59,0
DA:62,0
DA:64,0
DA:65,0
DA:68,0
DA:74,0
DA:77,3
DA:78,0
DA:80,0
DA:81,0
DA:84,0
DA:85,0
DA:88,0
DA:94,0
DA:97,3
LF:43
LH:10
BRDA:16,0,0,0
BRDA:16,0,1,0
BRDA:16,1,0,0
BRDA:16,1,1,0
BRDA:26,2,0,0
BRDA:26,2,1,0
BRDA:36,3,0,0
BRDA:36,3,1,0
BRDA:42,4,0,0
BRDA:42,4,1,0
BRDA:58,5,0,0
BRDA:58,5,1,0
BRDA:64,6,0,0
BRDA:64,6,1,0
BRDA:80,7,0,0
BRDA:80,7,1,0
BRDA:84,8,0,0
BRDA:84,8,1,0
BRF:18
BRH:0
end_of_record
TN:
SF:src/app/modules/User/user.validation.ts
FNF:0
FNH:0
DA:1,3
DA:2,3
DA:4,3
DA:13,3
DA:22,3
DA:28,3
LF:6
LH:6
BRF:0
BRH:0
end_of_record
TN:
SF:src/app/routes/index.ts
FN:38,(anonymous_0)
FNF:1
FNH:1
FNDA:18,(anonymous_0)
DA:1,3
DA:2,3
DA:3,3
DA:4,3
DA:5,3
DA:6,3
DA:7,3
DA:9,3
DA:11,3
DA:38,18
DA:40,3
LF:11
LH:11
BRF:0
BRH:0
end_of_record
TN:
SF:src/app/services/autoRelease.service.ts
FN:8,(anonymous_8)
FN:8,(anonymous_9)
FN:57,(anonymous_10)
FN:58,(anonymous_11)
FN:58,(anonymous_12)
FNF:5
FNH:0
FNDA:0,(anonymous_8)
FNDA:0,(anonymous_9)
FNDA:0,(anonymous_10)
FNDA:0,(anonymous_11)
FNDA:0,(anonymous_12)
DA:2,0
DA:3,0
DA:6,0
DA:8,0
DA:9,0
DA:10,0
DA:12,0
DA:13,0
DA:16,0
DA:22,0
DA:24,0
DA:25,0
DA:28,0
DA:29,0
DA:31,0
DA:32,0
DA:35,0
DA:37,0
DA:38,0
DA:40,0
DA:42,0
DA:46,0
DA:47,0
DA:50,0
DA:52,0
DA:53,0
DA:57,0
DA:58,0
DA:59,0
DA:60,0
DA:63,0
DA:65,0
DA:66,0
LF:33
LH:0
BRDA:35,0,0,0
BRDA:35,0,1,0
BRDA:46,1,0,0
BRDA:46,1,1,0
BRF:4
BRH:0
end_of_record
TN:
SF:src/app/utils/catchAsync.ts
FN:3,(anonymous_0)
FN:4,(anonymous_1)
FN:5,(anonymous_2)
FNF:3
FNH:3
FNDA:216,(anonymous_0)
FNDA:95,(anonymous_1)
FNDA:25,(anonymous_2)
DA:3,3
DA:4,216
DA:5,95
DA:9,3
LF:4
LH:4
BRF:0
BRH:0
end_of_record
TN:
SF:src/app/utils/sendResponse.ts
FN:18,(anonymous_0)
FNF:1
FNH:1
FNDA:24,(anonymous_0)
DA:18,3
DA:19,24
DA:27,3
LF:3
LH:3
BRDA:19,0,0,0
BRDA:19,0,1,24
BRDA:19,1,0,24
BRDA:19,1,1,24
BRF:4
BRH:3
end_of_record
